<?xml version="1.0" encoding="UTF-8"?>
<!-- Generated by org.testng.reporters.JUnitReportReporter -->
<testsuite skipped="0" hostname="DELL-PC" name="com.freecrm.testcases.LoginPageTest" tests="3" failures="0" timestamp="29 Jun 2019 17:32:50 GMT" time="42.950" errors="0">
  <testcase name="loginTitle" time="7.603" classname="com.freecrm.testcases.LoginPageTest"/>
  <testcase name="verifylogin" time="17.714" classname="com.freecrm.testcases.LoginPageTest"/>
  <testcase name="verifyInvalidLogin" time="17.633" classname="com.freecrm.testcases.LoginPageTest"/>
</testsuite> <!-- com.freecrm.testcases.LoginPageTest -->
